<?xml version="1.0" encoding="UTF-8"?>
<testng-results skipped="0" failed="0" total="1" passed="1">
  <reporter-output>
  </reporter-output>
  <suite name="Default suite" duration-ms="11733" started-at="2018-01-12T01:21:12Z" finished-at="2018-01-12T01:21:24Z">
    <groups>
    </groups>
    <test name="Default test" duration-ms="11733" started-at="2018-01-12T01:21:12Z" finished-at="2018-01-12T01:21:24Z">
      <class name="SeleniumTest.LoginTest.ToolQALogin">
        <test-method status="PASS" signature="LoginTest()[pri:0, instance:SeleniumTest.LoginTest.ToolQALogin@50c87b21]" name="LoginTest" duration-ms="11719" started-at="2018-01-12T09:21:12Z" finished-at="2018-01-12T09:21:24Z">
          <reporter-output>
          </reporter-output>
        </test-method> <!-- LoginTest -->
      </class> <!-- SeleniumTest.LoginTest.ToolQALogin -->
    </test> <!-- Default test -->
  </suite> <!-- Default suite -->
</testng-results>
